<?xml version="1.0" encoding="UTF-8"?>
<!-- Generated by org.testng.reporters.JUnitReportReporter -->
<testsuite hostname="LadZoneHome" failures="0" tests="1" name="automationpractice.testcases.HomeTest" time="6.889" errors="0" timestamp="07 Dec 2019 02:46:13 GMT" skipped="0">
  <testcase classname="automationpractice.testcases.HomeTest" name="signInTest" time="6.889"/>
</testsuite> <!-- automationpractice.testcases.HomeTest -->
