<?xml version="1.0" encoding="UTF-8"?>
<!-- Generated by org.testng.reporters.JUnitReportReporter -->
<testsuite hostname="LadZoneHome" failures="0" tests="1" name="automationpractice.testcases.CheckoutTest" time="15.321" errors="0" timestamp="07 Dec 2019 02:46:13 GMT" skipped="0">
  <testcase classname="automationpractice.testcases.CheckoutTest" name="loginTest" time="15.321"/>
</testsuite> <!-- automationpractice.testcases.CheckoutTest -->
