<?xml version="1.0" encoding="UTF-8"?>
<!-- Generated by org.testng.reporters.JUnitReportReporter -->
<testsuite hostname="LadZoneHome" failures="0" tests="1" name="automationpractice.testcases.CheckoutTest" time="21.021" errors="0" timestamp="23 Feb 2020 22:25:40 GMT" skipped="0">
  <testcase classname="automationpractice.testcases.CheckoutTest" name="loginTest" time="21.021"/>
</testsuite> <!-- automationpractice.testcases.CheckoutTest -->
