<?xml version="1.0" encoding="UTF-8"?>
<!-- Generated by org.testng.reporters.JUnitReportReporter -->
<testsuite hostname="LadZoneHome" failures="0" tests="1" name="automationpractice.testcases.HomeTest" time="9.054" errors="0" timestamp="23 Feb 2020 23:12:01 GMT" skipped="0">
  <testcase classname="automationpractice.testcases.HomeTest" name="signInTest" time="9.054"/>
</testsuite> <!-- automationpractice.testcases.HomeTest -->
