<?xml version="1.0" encoding="UTF-8"?>
<!-- Generated by org.testng.reporters.JUnitReportReporter -->
<testsuite hostname="LadZoneHome" failures="0" tests="1" name="automationpractice.testcases.SignInTest" time="6.744" errors="0" timestamp="03 Dec 2019 22:39:32 GMT" skipped="0">
  <testcase classname="automationpractice.testcases.SignInTest" name="signInTest" time="6.744"/>
</testsuite> <!-- automationpractice.testcases.SignInTest -->
